<?xml version="1.0" encoding="UTF-8"?>
<!-- Generated by org.testng.reporters.JUnitReportReporter -->
<testsuite skipped="0" hostname="II02--J88W2Z2" name="automation.testexeution.ui.Test_Page_01" tests="3" failures="0" timestamp="27 Jan 2020 00:08:14 GMT" time="5.917" errors="0">
  <testcase name="opentheurl" time="0.842" classname="automation.testexeution.ui.Test_Page_01"/>
  <testcase name="searchtest" time="4.955" classname="automation.testexeution.ui.Test_Page_01"/>
  <testcase name="searchbuttontest" time="0.120" classname="automation.testexeution.ui.Test_Page_01"/>
</testsuite> <!-- automation.testexeution.ui.Test_Page_01 -->
