<?xml version="1.0" encoding="UTF-8"?>
<!-- Generated by org.testng.reporters.JUnitReportReporter -->
<testsuite skipped="0" hostname="II02--J88W2Z2" name="automation.testexeution.ui.Test_Page_03" tests="2" failures="0" timestamp="27 Jan 2020 00:08:14 GMT" time="0.690" errors="0">
  <testcase name="zoominouttest" time="0.552" classname="automation.testexeution.ui.Test_Page_03"/>
  <testcase name="closewindowtest" time="0.138" classname="automation.testexeution.ui.Test_Page_03"/>
</testsuite> <!-- automation.testexeution.ui.Test_Page_03 -->
