<?xml version="1.0" encoding="UTF-8"?>
<!-- Generated by org.testng.reporters.JUnitReportReporter -->
<testsuite skipped="0" hostname="II02--J88W2Z2" name="automation.testexeution.ui.Test_Page_02" tests="2" failures="0" timestamp="27 Jan 2020 00:08:14 GMT" time="2.016" errors="0">
  <testcase name="presenceofallelementstest" time="0.018" classname="automation.testexeution.ui.Test_Page_02"/>
  <testcase name="clicknewlinktest" time="1.998" classname="automation.testexeution.ui.Test_Page_02"/>
</testsuite> <!-- automation.testexeution.ui.Test_Page_02 -->
